<?xml version="1.0" encoding="UTF-8"?>
<robot generator="Robot 5.0.1 (Python 3.10.5 on win32)" generated="20220712 16:26:18.802" rpa="false" schemaversion="3">
<suite id="s1" name="Test" source="c:\QANinja\robot\test.robot">
<test id="s1-t1" name="Deve retornar mensagem de boas vindas" line="6">
<kw name="Welcome" library="app">
<var>${result}</var>
<arg>Luis Felipe</arg>
<msg timestamp="20220712 16:26:18.887" level="INFO">${result} = OLá Luis Felipe, bem vindo ao Curso Básico de Robot Framework</msg>
<status status="PASS" starttime="20220712 16:26:18.887" endtime="20220712 16:26:18.887"/>
</kw>
<kw name="Should Be Equal" library="BuiltIn">
<arg>${result}</arg>
<arg>OLá Luis Felipe, bem vindo ao Curso Básico de Robot Framework</arg>
<doc>Fails if the given objects are unequal.</doc>
<status status="PASS" starttime="20220712 16:26:18.888" endtime="20220712 16:26:18.889"/>
</kw>
<status status="PASS" starttime="20220712 16:26:18.885" endtime="20220712 16:26:18.889"/>
</test>
<status status="PASS" starttime="20220712 16:26:18.804" endtime="20220712 16:26:18.892"/>
</suite>
<statistics>
<total>
<stat pass="1" fail="0" skip="0">All Tests</stat>
</total>
<tag>
</tag>
<suite>
<stat pass="1" fail="0" skip="0" id="s1" name="Test">Test</stat>
</suite>
</statistics>
<errors>
</errors>
</robot>
