<?xml version="1.0" encoding="UTF-8"?>
<robot generator="Robot 5.0.1 (Python 3.10.5 on win32)" generated="20220713 20:51:46.662" rpa="false" schemaversion="3">
<suite id="s1" name="Select" source="C:\QANinja\robot\web\tests\select.robot">
<test id="s1-t1" name="Selecionar por texto" line="8">
<kw name="Nova Sessão" library="base" type="SETUP">
<kw name="Open Browser" library="SeleniumLibrary">
<arg>${url}</arg>
<arg>chrome</arg>
<doc>Opens a new browser instance to the optional ``url``.</doc>
<msg timestamp="20220713 20:51:46.850" level="INFO">Opening browser 'chrome' to base url 'https://training-wheels-protocol.herokuapp.com/'.</msg>
<status status="PASS" starttime="20220713 20:51:46.850" endtime="20220713 20:52:25.038"/>
</kw>
<status status="PASS" starttime="20220713 20:51:46.850" endtime="20220713 20:52:25.038"/>
</kw>
<kw name="Go To" library="SeleniumLibrary">
<arg>${url}/dropdown</arg>
<doc>Navigates the current browser window to the provided ``url``.</doc>
<msg timestamp="20220713 20:52:25.039" level="INFO">Opening url 'https://training-wheels-protocol.herokuapp.com//dropdown'</msg>
<status status="PASS" starttime="20220713 20:52:25.039" endtime="20220713 20:52:25.236"/>
</kw>
<kw name="Select From List By Label" library="SeleniumLibrary">
<arg>class:avenger-list</arg>
<arg>Scott Lang</arg>
<doc>Selects options from selection list ``locator`` by ``labels``.</doc>
<msg timestamp="20220713 20:52:25.237" level="INFO">Selecting options from selection list 'class:avenger-list' by label Scott Lang.</msg>
<status status="PASS" starttime="20220713 20:52:25.237" endtime="20220713 20:52:25.286"/>
</kw>
<kw name="Get Selected List Value" library="SeleniumLibrary">
<var>${selected}</var>
<arg>class:avenger-list</arg>
<doc>Returns the value of selected option from selection list ``locator``.</doc>
<msg timestamp="20220713 20:52:25.350" level="INFO">${selected} = 7</msg>
<status status="PASS" starttime="20220713 20:52:25.287" endtime="20220713 20:52:25.350"/>
</kw>
<kw name="Should Be Equal" library="BuiltIn">
<arg>${selected}</arg>
<arg>7</arg>
<doc>Fails if the given objects are unequal.</doc>
<status status="PASS" starttime="20220713 20:52:25.350" endtime="20220713 20:52:25.350"/>
</kw>
<kw name="Log To Console" library="BuiltIn">
<arg>${selected}</arg>
<doc>Logs the given message to the console.</doc>
<status status="PASS" starttime="20220713 20:52:25.351" endtime="20220713 20:52:25.351"/>
</kw>
<kw name="Encerra Sessão" library="base" type="TEARDOWN">
<kw name="Capture Page Screenshot" library="SeleniumLibrary">
<doc>Takes a screenshot of the current page and embeds it into a log file.</doc>
<msg timestamp="20220713 20:52:25.602" level="INFO" html="true">&lt;/td&gt;&lt;/tr&gt;&lt;tr&gt;&lt;td colspan="3"&gt;&lt;a href="selenium-screenshot-18.png"&gt;&lt;img src="selenium-screenshot-18.png" width="800px"&gt;&lt;/a&gt;</msg>
<status status="PASS" starttime="20220713 20:52:25.352" endtime="20220713 20:52:25.602"/>
</kw>
<kw name="Close Browser" library="SeleniumLibrary">
<doc>Closes the current browser.</doc>
<status status="PASS" starttime="20220713 20:52:25.602" endtime="20220713 20:52:27.670"/>
</kw>
<status status="PASS" starttime="20220713 20:52:25.351" endtime="20220713 20:52:27.670"/>
</kw>
<status status="PASS" starttime="20220713 20:51:46.849" endtime="20220713 20:52:27.670"/>
</test>
<test id="s1-t2" name="Selecionar pelo valor" line="15">
<kw name="Nova Sessão" library="base" type="SETUP">
<kw name="Open Browser" library="SeleniumLibrary">
<arg>${url}</arg>
<arg>chrome</arg>
<doc>Opens a new browser instance to the optional ``url``.</doc>
<msg timestamp="20220713 20:52:27.672" level="INFO">Opening browser 'chrome' to base url 'https://training-wheels-protocol.herokuapp.com/'.</msg>
<status status="PASS" starttime="20220713 20:52:27.672" endtime="20220713 20:53:04.636"/>
</kw>
<status status="PASS" starttime="20220713 20:52:27.672" endtime="20220713 20:53:04.636"/>
</kw>
<kw name="Go To" library="SeleniumLibrary">
<arg>${url}/dropdown</arg>
<doc>Navigates the current browser window to the provided ``url``.</doc>
<msg timestamp="20220713 20:53:04.637" level="INFO">Opening url 'https://training-wheels-protocol.herokuapp.com//dropdown'</msg>
<status status="PASS" starttime="20220713 20:53:04.637" endtime="20220713 20:53:04.848"/>
</kw>
<kw name="Select From List By Value" library="SeleniumLibrary">
<arg>id:dropdown</arg>
<arg>6</arg>
<doc>Selects options from selection list ``locator`` by ``values``.</doc>
<msg timestamp="20220713 20:53:04.849" level="INFO">Selecting options from selection list 'id:dropdown' by value 6.</msg>
<status status="PASS" starttime="20220713 20:53:04.849" endtime="20220713 20:53:04.900"/>
</kw>
<kw name="Get Selected List Label" library="SeleniumLibrary">
<var>${selected}</var>
<arg>id:dropdown</arg>
<doc>Returns the label of selected option from selection list ``locator``.</doc>
<msg timestamp="20220713 20:53:04.965" level="INFO">${selected} = Loki</msg>
<status status="PASS" starttime="20220713 20:53:04.900" endtime="20220713 20:53:04.965"/>
</kw>
<kw name="Should Be Equal" library="BuiltIn">
<arg>${selected}</arg>
<arg>Loki</arg>
<doc>Fails if the given objects are unequal.</doc>
<status status="PASS" starttime="20220713 20:53:04.965" endtime="20220713 20:53:04.965"/>
</kw>
<kw name="Log To Console" library="BuiltIn">
<arg>${selected}</arg>
<doc>Logs the given message to the console.</doc>
<status status="PASS" starttime="20220713 20:53:04.966" endtime="20220713 20:53:04.966"/>
</kw>
<kw name="Encerra Sessão" library="base" type="TEARDOWN">
<kw name="Capture Page Screenshot" library="SeleniumLibrary">
<doc>Takes a screenshot of the current page and embeds it into a log file.</doc>
<msg timestamp="20220713 20:53:05.222" level="INFO" html="true">&lt;/td&gt;&lt;/tr&gt;&lt;tr&gt;&lt;td colspan="3"&gt;&lt;a href="selenium-screenshot-19.png"&gt;&lt;img src="selenium-screenshot-19.png" width="800px"&gt;&lt;/a&gt;</msg>
<status status="PASS" starttime="20220713 20:53:04.966" endtime="20220713 20:53:05.222"/>
</kw>
<kw name="Close Browser" library="SeleniumLibrary">
<doc>Closes the current browser.</doc>
<status status="PASS" starttime="20220713 20:53:05.222" endtime="20220713 20:53:07.285"/>
</kw>
<status status="PASS" starttime="20220713 20:53:04.966" endtime="20220713 20:53:07.285"/>
</kw>
<status status="PASS" starttime="20220713 20:52:27.671" endtime="20220713 20:53:07.285"/>
</test>
<status status="PASS" starttime="20220713 20:51:46.663" endtime="20220713 20:53:07.286"/>
</suite>
<statistics>
<total>
<stat pass="2" fail="0" skip="0">All Tests</stat>
</total>
<tag>
</tag>
<suite>
<stat pass="2" fail="0" skip="0" id="s1" name="Select">Select</stat>
</suite>
</statistics>
<errors>
<msg timestamp="20220713 20:51:46.683" level="ERROR">Error in file 'C:\QANinja\robot\web\tests\base.robot' on line 3: Setting 'Test Setup' is not allowed in resource file.</msg>
<msg timestamp="20220713 20:51:46.684" level="ERROR">Error in file 'C:\QANinja\robot\web\tests\base.robot' on line 4: Setting 'Test Teardown' is not allowed in resource file.</msg>
</errors>
</robot>
