<?xml version="1.0" encoding="UTF-8"?>
<robot generator="Robot 5.0.1 (Python 3.10.5 on win32)" generated="20220715 18:46:12.454" rpa="false" schemaversion="3">
<suite id="s1" name="Login Form" source="C:\QANinja\robot\web\tests\login_form.robot">
<test id="s1-t1" name="Login com sucesso" line="7">
<kw name="Nova Sessão" library="base" type="SETUP">
<kw name="Open Browser" library="SeleniumLibrary">
<arg>${url}</arg>
<arg>chrome</arg>
<doc>Opens a new browser instance to the optional ``url``.</doc>
<msg timestamp="20220715 18:46:12.633" level="INFO">Opening browser 'chrome' to base url 'https://training-wheels-protocol.herokuapp.com/'.</msg>
<status status="PASS" starttime="20220715 18:46:12.633" endtime="20220715 18:47:08.874"/>
</kw>
<status status="PASS" starttime="20220715 18:46:12.633" endtime="20220715 18:47:08.875"/>
</kw>
<kw name="Go To" library="SeleniumLibrary">
<arg>${url}/login</arg>
<doc>Navigates the current browser window to the provided ``url``.</doc>
<msg timestamp="20220715 18:47:08.876" level="INFO">Opening url 'https://training-wheels-protocol.herokuapp.com//login'</msg>
<status status="PASS" starttime="20220715 18:47:08.875" endtime="20220715 18:47:11.223"/>
</kw>
<kw name="Input Text" library="SeleniumLibrary">
<arg>css:input[name="username"]</arg>
<arg>stark</arg>
<doc>Types the given ``text`` into the text field identified by ``locator``.</doc>
<msg timestamp="20220715 18:47:11.223" level="INFO">Typing text 'stark' into text field 'css:input[name="username"]'.</msg>
<status status="PASS" starttime="20220715 18:47:11.223" endtime="20220715 18:47:11.268"/>
</kw>
<kw name="Input Text" library="SeleniumLibrary">
<arg>css:input[name="password"]</arg>
<arg>jarvis!</arg>
<doc>Types the given ``text`` into the text field identified by ``locator``.</doc>
<msg timestamp="20220715 18:47:11.268" level="INFO">Typing text 'jarvis!' into text field 'css:input[name="password"]'.</msg>
<status status="PASS" starttime="20220715 18:47:11.268" endtime="20220715 18:47:11.315"/>
</kw>
<kw name="Click Element" library="SeleniumLibrary">
<arg>class:btn-login</arg>
<doc>Click the element identified by ``locator``.</doc>
<msg timestamp="20220715 18:47:11.316" level="INFO">Clicking element 'class:btn-login'.</msg>
<status status="PASS" starttime="20220715 18:47:11.316" endtime="20220715 18:47:12.031"/>
</kw>
<kw name="Page Should Contain" library="SeleniumLibrary">
<arg>Olá, Tony Stark. Você acessou a área logada!</arg>
<doc>Verifies that current page contains ``text``.</doc>
<msg timestamp="20220715 18:47:12.041" level="INFO">Current page contains text 'Olá, Tony Stark. Você acessou a área logada!'.</msg>
<status status="PASS" starttime="20220715 18:47:12.032" endtime="20220715 18:47:12.041"/>
</kw>
<kw name="Encerra Sessão" library="base" type="TEARDOWN">
<kw name="Capture Page Screenshot" library="SeleniumLibrary">
<doc>Takes a screenshot of the current page and embeds it into a log file.</doc>
<msg timestamp="20220715 18:47:12.212" level="INFO" html="true">&lt;/td&gt;&lt;/tr&gt;&lt;tr&gt;&lt;td colspan="3"&gt;&lt;a href="selenium-screenshot-1.png"&gt;&lt;img src="selenium-screenshot-1.png" width="800px"&gt;&lt;/a&gt;</msg>
<status status="PASS" starttime="20220715 18:47:12.042" endtime="20220715 18:47:12.212"/>
</kw>
<kw name="Close Browser" library="SeleniumLibrary">
<doc>Closes the current browser.</doc>
<status status="PASS" starttime="20220715 18:47:12.213" endtime="20220715 18:47:14.275"/>
</kw>
<status status="PASS" starttime="20220715 18:47:12.042" endtime="20220715 18:47:14.275"/>
</kw>
<status status="PASS" starttime="20220715 18:46:12.632" endtime="20220715 18:47:14.275"/>
</test>
<status status="PASS" starttime="20220715 18:46:12.456" endtime="20220715 18:47:14.276"/>
</suite>
<statistics>
<total>
<stat pass="1" fail="0" skip="0">All Tests</stat>
</total>
<tag>
</tag>
<suite>
<stat pass="1" fail="0" skip="0" id="s1" name="Login Form">Login Form</stat>
</suite>
</statistics>
<errors>
<msg timestamp="20220715 18:46:12.475" level="ERROR">Error in file 'C:\QANinja\robot\web\tests\base.robot' on line 3: Setting 'Test Setup' is not allowed in resource file.</msg>
<msg timestamp="20220715 18:46:12.475" level="ERROR">Error in file 'C:\QANinja\robot\web\tests\base.robot' on line 4: Setting 'Test Teardown' is not allowed in resource file.</msg>
</errors>
</robot>
